

                             _   _
                            (_) | |
      __ _   _ __   __   __  _  | |
     / _` | | '_ \  \ \ / / | | | |
    | (_| | | | | |  \ V /  | | | |
     \__,_| |_| |_|   \_/   |_| |_|

    1.5.1-stable (b0a9dd9ced 2025-12-22T11:39:01.425730780Z)
    https://github.com/foundry-rs/foundry

Available Accounts
==================

(0) 0xf39Fd6e51aad88F6F4ce6aB8827279cffFb92266 (10000.000000000000000000 ETH)
(1) 0x70997970C51812dc3A010C7d01b50e0d17dc79C8 (10000.000000000000000000 ETH)
(2) 0x3C44CdDdB6a900fa2b585dd299e03d12FA4293BC (10000.000000000000000000 ETH)
(3) 0x90F79bf6EB2c4f870365E785982E1f101E93b906 (10000.000000000000000000 ETH)
(4) 0x15d34AAf54267DB7D7c367839AAf71A00a2C6A65 (10000.000000000000000000 ETH)
(5) 0x9965507D1a55bcC2695C58ba16FB37d819B0A4dc (10000.000000000000000000 ETH)
(6) 0x976EA74026E726554dB657fA54763abd0C3a0aa9 (10000.000000000000000000 ETH)
(7) 0x14dC79964da2C08b23698B3D3cc7Ca32193d9955 (10000.000000000000000000 ETH)
(8) 0x23618e81E3f5cdF7f54C3d65f7FBc0aBf5B21E8f (10000.000000000000000000 ETH)
(9) 0xa0Ee7A142d267C1f36714E4a8F75612F20a79720 (10000.000000000000000000 ETH)

Private Keys
==================

(0) 0xac0974bec39a17e36ba4a6b4d238ff944bacb478cbed5efcae784d7bf4f2ff80
(1) 0x59c6995e998f97a5a0044966f0945389dc9e86dae88c7a8412f4603b6b78690d
(2) 0x5de4111afa1a4b94908f83103eb1f1706367c2e68ca870fc3fb9a804cdab365a
(3) 0x7c852118294e51e653712a81e05800f419141751be58f605c371e15141b007a6
(4) 0x47e179ec197488593b187f80a00eb0da91f1b9d0b13f8733639f19c30a34926a
(5) 0x8b3a350cf5c34c9194ca85829a2df0ec3153be0318b5e2d3348e872092edffba
(6) 0x92db14e403b83dfe3df233f83dfa3a0d7096f21ca9b0d6d6b8d88b2b4ec1564e
(7) 0x4bbbf85ce3377467afe5d46f804f221813b2bb87f24d81f60f1fcdbf7cbf4356
(8) 0xdbda1821b80551c9d65939329250298aa3472ba22feea921c0cf5d620ea67b97
(9) 0x2a871d0798f97d79848a013d4936a73bf4cc922c825d33c1cf7073dff6d409c6

Wallet
==================
Mnemonic:          test test test test test test test test test test test junk
Derivation path:   m/44'/60'/0'/0/


Fork
==================
Endpoint:       https://eth-mainnet.g.alchemy.com/v2/***REDACTED_ALCHEMY***
Block number:   24363333
Block hash:     0x86f9f0283195b70496f7dfedc0e6d39f5f022b93c4b5f5535cd82b6e19260e53
Chain ID:       1

Base Fee
==================

961058812

Gas Limit
==================

60000000

Genesis Timestamp
==================

1770054687

Genesis Number
==================

0

Listening on 0.0.0.0:8545
eth_blockNumber
eth_blockNumber
eth_getTransactionCount
eth_getCode
eth_gasPrice
eth_chainId
eth_getBlockByNumber
eth_getBlockByNumber
eth_chainId
eth_gasPrice
eth_chainId
eth_chainId
eth_getBlockByNumber
eth_gasPrice
eth_chainId
eth_chainId
eth_feeHistory
eth_feeHistory
eth_sendRawTransaction
eth_sendRawTransaction
eth_sendRawTransaction
eth_sendRawTransaction
eth_sendRawTransaction
eth_sendRawTransaction
eth_sendRawTransaction
eth_sendRawTransaction
eth_sendRawTransaction
eth_sendRawTransaction
eth_sendRawTransaction
eth_sendRawTransaction
eth_sendRawTransaction
eth_sendRawTransaction

    Transaction: 0x420cbf1749679602961df221ab521ad12a4524529c4512d708060eb3bc7a6afb
    Contract created: 0xFc02907822F655e06C0d3a28a634D18D9c2a5b90
    Gas used: 96457

    Block Number: 24363334
    Block Hash: 0x572be559baa68d4ad47595ee24ec79b9162ec7139ae5ee83fe82a888d25f41cc
    Block Time: "Sun, 1 Feb 2026 16:53:27 +0000"

eth_getTransactionReceipt
eth_getTransactionReceipt
eth_getTransactionReceipt
eth_getTransactionReceipt
eth_getTransactionReceipt
eth_getTransactionReceipt
eth_getTransactionReceipt
eth_getTransactionReceipt
eth_getTransactionReceipt
eth_getTransactionReceipt
eth_getTransactionReceipt
eth_getTransactionReceipt
eth_blockNumber
eth_getBlockByNumber
eth_getTransactionReceipt
eth_getBlockByNumber
eth_getTransactionReceipt
eth_getTransactionReceipt
eth_getTransactionReceipt
eth_getTransactionReceipt
eth_getTransactionReceipt
eth_getTransactionReceipt
eth_getTransactionReceipt
eth_getTransactionReceipt
eth_getTransactionReceipt
eth_getTransactionReceipt
eth_blockNumber
eth_getTransactionReceipt
eth_getTransactionReceipt
eth_getTransactionReceipt
eth_getTransactionReceipt
eth_getTransactionReceipt
eth_getTransactionReceipt
eth_getTransactionReceipt
eth_getTransactionReceipt
eth_getTransactionReceipt
eth_getTransactionReceipt
eth_blockNumber
eth_getTransactionReceipt
eth_getTransactionReceipt
eth_getTransactionReceipt
eth_getTransactionReceipt
eth_getTransactionReceipt
eth_getTransactionReceipt
eth_getTransactionReceipt
eth_getTransactionReceipt
eth_getTransactionReceipt

    Transaction: 0x7a205e42fb690481129169fc7c85300c22b3ba8020ca101ae1ba98e90f691f65
    Contract created: 0xb68a202cE0FB25ea7648eA29Ff632fCd66c2262f
    Gas used: 675890

    Transaction: 0xdb98f6f63060c353034d636d6eba2e869874fc88f1c4c6950e8e917cdfb12d82
    Contract created: 0xa3ce5424489ed5D8cff238009c61ab48Ef852F6D
    Gas used: 1017525

    Transaction: 0x9b6f7e8dedd176e3b0cffc4929100c35b30507fd1fa32fc83a1542e55535e9b7
    Gas used: 6175272

    Transaction: 0xafa09edaa00006b0397cc6214a85e6dc77d603607ee37b97de9516fefad98fb7
    Contract created: 0x099f633DafFe8e4Fb13Cf399F5509E4e5AF53719
    Gas used: 6402728

    Block Number: 24363335
    Block Hash: 0xce8b6ee5f1da483069b1720f67c603721db398d50bdfacede83259f0b023483f
    Block Time: "Sun, 1 Feb 2026 16:53:28 +0000"

eth_getTransactionReceipt
eth_blockNumber
eth_getTransactionReceipt
eth_getBlockByNumber
eth_getTransactionReceipt
eth_getTransactionReceipt
eth_getTransactionReceipt
eth_getTransactionReceipt
eth_getTransactionReceipt
eth_getTransactionReceipt
eth_getTransactionReceipt
eth_getTransactionReceipt
eth_getTransactionReceipt
eth_getTransactionReceipt
eth_getTransactionReceipt
eth_getTransactionReceipt
eth_getTransactionReceipt
eth_getTransactionReceipt
eth_getTransactionReceipt
eth_getTransactionReceipt
eth_blockNumber
eth_getTransactionReceipt
eth_getTransactionReceipt
eth_getTransactionReceipt
eth_getTransactionReceipt
eth_getTransactionReceipt
eth_getTransactionReceipt
eth_getTransactionReceipt
eth_getTransactionReceipt
eth_getTransactionReceipt
eth_blockNumber
eth_getTransactionReceipt
eth_getTransactionReceipt
eth_getTransactionReceipt
eth_getTransactionReceipt
eth_getTransactionReceipt
eth_getTransactionReceipt
eth_getTransactionReceipt
eth_getTransactionReceipt
eth_getTransactionReceipt
eth_getTransactionReceipt
eth_blockNumber
eth_getTransactionReceipt
eth_getTransactionReceipt
eth_getTransactionReceipt

    Transaction: 0xd2c1e865aea2c3f5666a5a016cd44e734c5ec8e306c6b5e9c3cb1c2472cd6674
    Contract created: 0x81Ec458fA8dC91b76c903Ec9cBB83D423D4022AB
    Gas used: 479487

    Transaction: 0x6b7eea9075e9fb0d2d48ad38222f1b94e3296a51f6132bde43318b8d783049eb
    Contract created: 0x11d51B9bec07CdCB55E845E14BB9784C11D8A6AC
    Gas used: 1296631

    Transaction: 0xd138d2524f9429065494ce2c82e092938da9da70981046438bc476277f7a69a0
    Contract created: 0x62e5c8AA289a610bd16d38fF49e46B038623B29f
    Gas used: 1549000

    Transaction: 0x59975656d8f950398d3ffa846b5c5950335744c4db012a7b5b6e7981e906896e
    Contract created: 0x6d58FCd2a76E96EEd81fD930bF6712FEDABE403c
    Gas used: 2388218

    Transaction: 0x8417a85b837774ff6bc63cf85f96ea6053d0cee22996de21be0c03f1148571de
    Contract created: 0xD1dF7ED77228E38C8799e56FaE9E4488ab0C70F2
    Gas used: 5666306

    Transaction: 0xe0723f8f4193caff571afc7608ad07bebf353bfd9a869c3c6eb3c5bd50398acb
    Contract created: 0xBf7877CCB45f6d792c581fcbDd1150caD486B284
    Gas used: 9524530

    Transaction: 0x3f828ad2a613dfd0454bd189b7c33331e839f4b56dcc32b42b5711036f7b94f9
    Contract created: 0x766542304e16e3585D569705b0eff4756EfA6caC
    Gas used: 12631172

    Transaction: 0x5275a7048388dd8e2bb686e38b2afd22bef921d89410e9115a3117512e2e2b72
    Gas used: 12675292

    Transaction: 0x5a3bb32fe1b8502b8790a13234a8e2f5b4d691079c47f2c0a88c8116df74a819
    Gas used: 12722102

    Block Number: 24363336
    Block Hash: 0xd529d89436cbc7174cf98fb47b7a0ffd52693e8f0e1bdb94d707caa46edb9b83
    Block Time: "Sun, 1 Feb 2026 16:53:28 +0000"

eth_getTransactionReceipt
eth_getTransactionReceipt
eth_getTransactionReceipt
eth_getTransactionReceipt
eth_getTransactionReceipt
eth_getTransactionReceipt
eth_getTransactionReceipt
eth_blockNumber
eth_getTransactionReceipt
eth_getBlockByNumber
eth_getTransactionReceipt
eth_getTransactionCount
eth_getCode
eth_chainId
eth_gasPrice
eth_getBlockByNumber
eth_getBlockByNumber
eth_chainId
eth_gasPrice
eth_getCode
eth_getBalance
eth_getTransactionCount
eth_getAccountInfo
eth_getAccountInfo
eth_getAccountInfo
eth_getAccountInfo
eth_getAccountInfo
eth_getAccountInfo
eth_getAccountInfo
eth_getStorageAt
eth_getStorageAt
eth_getStorageAt
eth_getStorageAt
eth_getAccountInfo
eth_getStorageAt
eth_getStorageAt
eth_getAccountInfo
eth_getStorageAt
eth_getAccountInfo
eth_getAccountInfo
eth_getAccountInfo
eth_getStorageAt
eth_getAccountInfo
eth_getStorageAt
eth_getAccountInfo
eth_getAccountInfo
eth_getAccountInfo
eth_getStorageAt
eth_getAccountInfo
eth_getStorageAt
eth_getStorageAt
eth_getStorageAt
eth_getStorageAt
eth_getStorageAt
eth_getStorageAt
eth_getStorageAt
eth_getStorageAt
eth_getAccountInfo
eth_getStorageAt
eth_getAccountInfo
eth_getAccountInfo
eth_getStorageAt
eth_getStorageAt
eth_getStorageAt
eth_getStorageAt
eth_getStorageAt
eth_getStorageAt
eth_getAccountInfo
eth_getStorageAt
eth_getStorageAt
eth_getStorageAt
eth_getStorageAt
eth_getStorageAt
eth_getAccountInfo
eth_getStorageAt
eth_getStorageAt
eth_getStorageAt
eth_getStorageAt
eth_getStorageAt
eth_getStorageAt
eth_getStorageAt
eth_getStorageAt
eth_getStorageAt
eth_getStorageAt
eth_getStorageAt
eth_getStorageAt
eth_getStorageAt
eth_getStorageAt
eth_getStorageAt
eth_getStorageAt
eth_getStorageAt
eth_getStorageAt
eth_chainId
eth_chainId
eth_gasPrice
eth_chainId
eth_getBlockByNumber
eth_chainId
eth_feeHistory
eth_feeHistory
eth_sendRawTransaction
eth_getTransactionReceipt

    Transaction: 0xf7bbf66f2d6c9a0397b6e6f953466feda6a246031894b79d1fca4631183aa11e
    Gas used: 2523348

    Block Number: 24363337
    Block Hash: 0x0630da6fec8ea455facf13d270e3a78536e2ba3b90a45455a1afbae29ae676ed
    Block Time: "Sun, 1 Feb 2026 16:53:33 +0000"

eth_blockNumber
eth_getTransactionReceipt
eth_getBlockByNumber
eth_getLogs
eth_blockNumber
eth_getLogs
eth_blockNumber
eth_blockNumber
eth_getLogs
eth_blockNumber
eth_getLogs
web3_clientVersion
eth_chainId
eth_call

RPC request failed:
    Request: EthCall(WithOtherFields { inner: TransactionRequest { from: None, to: Some(Call(0x62e5c8aa289a610bd16d38ff49e46b038623b29f)), gas_price: None, max_fee_per_gas: None, max_priority_fee_per_gas: None, max_fee_per_blob_gas: None, gas: None, value: None, input: TransactionInput { input: None, data: Some(0x8c38e5866b63870a1260fcb989a7459c5e537d9f8a1f76890dd88927f105de03d513b33c) }, nonce: None, chain_id: None, access_list: None, transaction_type: None, blob_versioned_hashes: None, sidecar: None, authorization_list: None }, other: OtherFields {} }, Some(latest), None, None)
    Error: Execution error: execution reverted

eth_chainId
eth_blockNumber
eth_blockNumber
eth_getLogs
eth_blockNumber
eth_blockNumber
eth_getLogs
eth_blockNumber
eth_getLogs
eth_blockNumber
eth_blockNumber
eth_getLogs
eth_blockNumber
eth_blockNumber
eth_getLogs
eth_blockNumber
eth_getLogs
eth_blockNumber
eth_blockNumber
eth_getLogs
eth_getTransactionCount
eth_getCode
eth_chainId
eth_gasPrice
eth_getBlockByNumber
eth_getBlockByNumber
eth_chainId
eth_gasPrice
eth_getTransactionCount
eth_getCode
eth_getBalance
eth_getAccountInfo
eth_getCode
eth_getTransactionCount
eth_getBalance
eth_getBalance
eth_getTransactionCount
eth_getCode
eth_getBalance
eth_getCode
eth_getTransactionCount
eth_getCode
eth_getBalance
eth_getTransactionCount
eth_getBalance
eth_getTransactionCount
eth_getCode
eth_getBalance
eth_getTransactionCount
eth_getCode
eth_getTransactionCount
eth_getCode
eth_getBalance
eth_getStorageAt
eth_getBalance
eth_getCode
eth_getTransactionCount
eth_getStorageAt
eth_getBalance
eth_getCode
eth_getTransactionCount
eth_getStorageAt
eth_getStorageAt
eth_getStorageAt
eth_getStorageAt
eth_getBalance
eth_getCode
eth_getTransactionCount
eth_getStorageAt
eth_getStorageAt
eth_getTransactionCount
eth_getCode
eth_getBalance
eth_getStorageAt
eth_getTransactionCount
eth_getCode
eth_getBalance
eth_getTransactionCount
eth_getBalance
eth_getCode
eth_getTransactionCount
eth_getBalance
eth_getCode
eth_getCode
eth_getTransactionCount
eth_getBalance
eth_getTransactionCount
eth_getCode
eth_getBalance
eth_getStorageAt
eth_getBalance
eth_getCode
eth_getTransactionCount
eth_getStorageAt
eth_getStorageAt
eth_getStorageAt
eth_getStorageAt
eth_getStorageAt
eth_getStorageAt
eth_getStorageAt
eth_getStorageAt
eth_getCode
eth_getBalance
eth_getTransactionCount
eth_getStorageAt
eth_getTransactionCount
eth_getBalance
eth_getCode
eth_getBalance
eth_getTransactionCount
eth_getCode
eth_getStorageAt
eth_getStorageAt
eth_getStorageAt
eth_getStorageAt
eth_getStorageAt
eth_getStorageAt
eth_getBalance
eth_getTransactionCount
eth_getCode
eth_getStorageAt
eth_getStorageAt
eth_getStorageAt
eth_getStorageAt
eth_getStorageAt
eth_getBalance
eth_getTransactionCount
eth_getCode
eth_getStorageAt
eth_getStorageAt
eth_getStorageAt
eth_getStorageAt
eth_getStorageAt
eth_getStorageAt
eth_getStorageAt
eth_getStorageAt
eth_getStorageAt
eth_getStorageAt
eth_getStorageAt
eth_getStorageAt
eth_getStorageAt
eth_getStorageAt
eth_getStorageAt
eth_getStorageAt
eth_getStorageAt
eth_chainId
eth_chainId
eth_gasPrice
eth_chainId
eth_getBlockByNumber
eth_blockNumber
eth_chainId
eth_feeHistory
eth_feeHistory
eth_sendRawTransaction
eth_sendRawTransaction

    Transaction: 0x796c1043242922525d3841eef6f58793c06682908ffc5471eb58dfe5d837f532
    Contract created: 0xD1620Dac6d79BE34F8500756B47cf91B1fA5Cc8C
    Gas used: 1001645

    Block Number: 24363338
    Block Hash: 0x2a6262f4a15e4f5da2461293a546d32b3bce83e49414bad849aadfa6637b2e45
    Block Time: "Sun, 1 Feb 2026 16:53:54 +0000"


    Transaction: 0x7f5a79a3961ae08280a80fc56452a40a53014341181a3cb3934d890ff66d7777
    Gas used: 2516154

    Block Number: 24363339
    Block Hash: 0xacf4193e0fe9fc7ba2eec17565f8e908c76dc4e55ece991da88b5e50e79b16dd
    Block Time: "Sun, 1 Feb 2026 16:53:54 +0000"

eth_getTransactionReceipt
eth_getTransactionReceipt
eth_getTransactionReceipt
eth_getTransactionReceipt
anvil_mine

    Block Number: 24363340
    Block Hash: 0xe1f3a5b32ad6ef46c70dad4ff2ff494aac60821da60a510a51e2e86c6cd199e9
    Block Time: "Sun, 1 Feb 2026 16:53:54 +0000"

evm_increaseTime
anvil_mine

    Block Number: 24363341
    Block Hash: 0xa72aa5dc71ebdcb00ea8222e5f0f31fa28f9c4adbf9a6482ce22691e8204cf48
    Block Time: "Sun, 1 Feb 2026 18:53:54 +0000"

eth_blockNumber
eth_getLogs
eth_blockNumber
eth_getLogs
eth_blockNumber
eth_getLogs
eth_blockNumber
eth_getLogs
eth_blockNumber
eth_blockNumber
eth_getLogs
eth_blockNumber
eth_getLogs
eth_getTransactionCount
eth_getCode
eth_chainId
eth_gasPrice
eth_getBlockByNumber
eth_getBlockByNumber
eth_chainId
eth_gasPrice
eth_getBalance
eth_getTransactionCount
eth_getAccountInfo
eth_getCode
eth_getAccountInfo
eth_getAccountInfo
eth_getAccountInfo
eth_getAccountInfo
eth_getAccountInfo
eth_getAccountInfo
eth_getAccountInfo
eth_getStorageAt
eth_getStorageAt
eth_getAccountInfo
eth_getStorageAt
eth_getStorageAt
eth_getStorageAt
eth_getStorageAt
eth_getAccountInfo
eth_getStorageAt
eth_getAccountInfo
eth_getStorageAt
eth_getAccountInfo
eth_blockNumber
eth_getStorageAt
eth_getStorageAt
eth_getStorageAt
eth_getStorageAt
eth_getStorageAt
eth_getStorageAt
eth_getAccountInfo
eth_getStorageAt
eth_getAccountInfo
eth_getStorageAt
eth_getStorageAt
eth_getAccountInfo
eth_getStorageAt
eth_getAccountInfo
eth_getStorageAt
eth_getAccountInfo
eth_getStorageAt
eth_getStorageAt
eth_getStorageAt
eth_getStorageAt
eth_getAccountInfo
eth_getStorageAt
eth_getAccountInfo
eth_getStorageAt
eth_getStorageAt
eth_getStorageAt
eth_getStorageAt
eth_getAccountInfo
eth_getStorageAt
eth_getStorageAt
eth_getAccountInfo
eth_getStorageAt
eth_getStorageAt
eth_getAccountInfo
eth_getStorageAt
eth_getAccountInfo
eth_getAccountInfo
eth_getAccountInfo
eth_getStorageAt
eth_getStorageAt
eth_getStorageAt
eth_getStorageAt
eth_getStorageAt
eth_getStorageAt
eth_getStorageAt
eth_getStorageAt
eth_getStorageAt
eth_getStorageAt
eth_getStorageAt
eth_getStorageAt
eth_getStorageAt
eth_getStorageAt
eth_getStorageAt
eth_getAccountInfo
eth_getAccountInfo
eth_getStorageAt
eth_getStorageAt
eth_getStorageAt
eth_getStorageAt
eth_getAccountInfo
eth_getAccountInfo
eth_getStorageAt
eth_getStorageAt
eth_getStorageAt
eth_getAccountInfo
eth_getAccountInfo
eth_getStorageAt
eth_getStorageAt
eth_getStorageAt
eth_getStorageAt
eth_getStorageAt
eth_getStorageAt
eth_getStorageAt
eth_getStorageAt
eth_getStorageAt
eth_getStorageAt
eth_getStorageAt
eth_getAccountInfo
eth_getStorageAt
eth_getStorageAt
eth_getStorageAt
eth_getStorageAt
eth_getStorageAt
eth_blockNumber
eth_getLogs
eth_getStorageAt
eth_getStorageAt
eth_getStorageAt
eth_getStorageAt
eth_getStorageAt
eth_getStorageAt
eth_getStorageAt
eth_getStorageAt
eth_getStorageAt
eth_chainId
eth_blockNumber
eth_chainId
eth_chainId
eth_gasPrice
eth_getBlockByNumber
eth_getStorageAt
eth_getStorageAt
eth_getStorageAt
eth_blockNumber
eth_getLogs
eth_blockNumber
eth_getLogs
eth_blockNumber
eth_blockNumber
eth_getLogs
eth_blockNumber
eth_blockNumber
eth_getLogs
eth_blockNumber
eth_getLogs
eth_blockNumber
eth_blockNumber
eth_getLogs
eth_blockNumber
eth_blockNumber
eth_getLogs
eth_blockNumber
eth_getLogs
eth_blockNumber
eth_blockNumber
eth_getLogs
eth_blockNumber
eth_blockNumber
eth_getLogs
eth_blockNumber
eth_blockNumber
eth_getLogs
eth_blockNumber
eth_getLogs
eth_blockNumber
eth_blockNumber
eth_getLogs
eth_blockNumber
eth_blockNumber
eth_getLogs
eth_blockNumber
eth_getLogs
eth_blockNumber
eth_blockNumber
eth_getLogs
eth_blockNumber
eth_blockNumber
eth_getLogs
eth_blockNumber
eth_getLogs
eth_blockNumber
eth_blockNumber
eth_getLogs
eth_blockNumber
eth_blockNumber
eth_getLogs
eth_blockNumber
eth_getLogs
eth_blockNumber
eth_blockNumber
eth_getLogs
eth_blockNumber
eth_blockNumber
eth_getLogs
eth_blockNumber
eth_getLogs
eth_blockNumber
eth_blockNumber
eth_getLogs
eth_blockNumber
eth_blockNumber
eth_getLogs
eth_blockNumber
eth_getLogs
eth_blockNumber
eth_blockNumber
eth_getLogs
eth_blockNumber
eth_blockNumber
eth_getLogs
eth_blockNumber
eth_getLogs
eth_blockNumber
eth_blockNumber
eth_getLogs
eth_blockNumber
eth_blockNumber
eth_getLogs
eth_blockNumber
eth_blockNumber
eth_getLogs
eth_blockNumber
eth_getLogs
eth_blockNumber
eth_blockNumber
eth_getLogs
eth_blockNumber
eth_blockNumber
eth_getLogs
eth_blockNumber
eth_getLogs
eth_blockNumber
eth_blockNumber
eth_getLogs
eth_blockNumber
eth_blockNumber
eth_getLogs
eth_blockNumber
eth_getLogs
eth_blockNumber
eth_blockNumber
eth_getLogs
eth_blockNumber
eth_blockNumber
eth_getLogs
eth_blockNumber
eth_getLogs
eth_blockNumber
eth_blockNumber
eth_getLogs
eth_blockNumber
eth_blockNumber
eth_getLogs
eth_blockNumber
eth_getLogs
eth_blockNumber
eth_blockNumber
eth_getLogs
eth_blockNumber
eth_blockNumber
eth_getLogs
eth_blockNumber
eth_getLogs
eth_blockNumber
eth_blockNumber
eth_getLogs
eth_blockNumber
eth_blockNumber
eth_getLogs
eth_blockNumber
eth_getLogs
eth_blockNumber
eth_blockNumber
eth_getLogs
eth_blockNumber
eth_blockNumber
eth_getLogs
eth_blockNumber
eth_blockNumber
eth_getLogs
eth_blockNumber
eth_getLogs
eth_blockNumber
eth_blockNumber
eth_getLogs
eth_blockNumber
eth_blockNumber
eth_getLogs
eth_blockNumber
eth_getLogs
eth_blockNumber
eth_blockNumber
eth_getLogs
eth_blockNumber
eth_blockNumber
eth_getLogs
eth_blockNumber
eth_getLogs
eth_blockNumber
eth_blockNumber
eth_getLogs
eth_blockNumber
eth_blockNumber
eth_getLogs
eth_blockNumber
eth_getLogs
eth_blockNumber
eth_blockNumber
eth_getLogs
eth_blockNumber
eth_blockNumber
eth_getLogs
eth_blockNumber
eth_getLogs
eth_blockNumber
eth_blockNumber
eth_getLogs
eth_blockNumber
eth_blockNumber
eth_getLogs
eth_blockNumber
eth_getLogs
eth_blockNumber
eth_blockNumber
eth_getLogs
eth_blockNumber
eth_blockNumber
eth_getLogs
eth_blockNumber
eth_getLogs
eth_blockNumber
eth_blockNumber
eth_getLogs
eth_blockNumber
eth_blockNumber
eth_getLogs
eth_blockNumber
eth_blockNumber
eth_getLogs
eth_blockNumber
eth_getLogs
eth_blockNumber
eth_blockNumber
eth_getLogs
eth_blockNumber
eth_blockNumber
eth_getLogs
eth_blockNumber
eth_getLogs
eth_blockNumber
eth_blockNumber
eth_getLogs
eth_blockNumber
eth_blockNumber
eth_getLogs
eth_blockNumber
eth_getLogs
eth_blockNumber
eth_blockNumber
eth_getLogs
eth_blockNumber
eth_blockNumber
eth_getLogs
eth_blockNumber
eth_getLogs
eth_blockNumber
eth_blockNumber
eth_getLogs
eth_blockNumber
eth_blockNumber
eth_getLogs
eth_blockNumber
eth_getLogs
eth_blockNumber
eth_blockNumber
eth_getLogs
eth_blockNumber
eth_blockNumber
eth_getLogs
eth_blockNumber
eth_blockNumber
eth_getLogs
eth_blockNumber
eth_getLogs
eth_blockNumber
eth_blockNumber
eth_getLogs
eth_blockNumber
eth_blockNumber
eth_getLogs
eth_blockNumber
eth_getLogs
eth_blockNumber
eth_blockNumber
eth_getLogs
eth_blockNumber
eth_blockNumber
eth_getLogs
eth_blockNumber
eth_getLogs
eth_blockNumber
eth_blockNumber
eth_getLogs
eth_blockNumber
eth_blockNumber
eth_getLogs
eth_blockNumber
eth_getLogs
eth_blockNumber
eth_blockNumber
eth_getLogs
eth_blockNumber
eth_blockNumber
eth_getLogs
eth_blockNumber
eth_getLogs
eth_blockNumber
eth_blockNumber
eth_getLogs
eth_blockNumber
eth_blockNumber
eth_getLogs
eth_blockNumber
eth_getLogs
eth_blockNumber
eth_blockNumber
eth_getLogs
eth_blockNumber
eth_blockNumber
eth_getLogs
eth_blockNumber
eth_getLogs
eth_blockNumber
eth_blockNumber
eth_getLogs
eth_blockNumber
eth_blockNumber
eth_getLogs
eth_blockNumber
eth_blockNumber
eth_getLogs
eth_blockNumber
eth_getLogs
eth_blockNumber
eth_blockNumber
eth_getLogs
eth_blockNumber
eth_blockNumber
eth_getLogs
eth_blockNumber
eth_getLogs
eth_blockNumber
eth_blockNumber
eth_getLogs
eth_blockNumber
eth_blockNumber
eth_getLogs
eth_blockNumber
eth_getLogs
eth_blockNumber
eth_blockNumber
eth_getLogs
eth_blockNumber
eth_blockNumber
eth_getLogs
eth_blockNumber
eth_getLogs
eth_blockNumber
eth_blockNumber
eth_getLogs
eth_blockNumber
eth_blockNumber
eth_getLogs
eth_blockNumber
eth_getLogs
eth_blockNumber
eth_blockNumber
eth_getLogs
eth_blockNumber
eth_blockNumber
eth_getLogs
eth_blockNumber
eth_getLogs
eth_blockNumber
eth_blockNumber
eth_getLogs
eth_blockNumber
eth_blockNumber
eth_getLogs
eth_blockNumber
eth_blockNumber
eth_getLogs
eth_blockNumber
eth_getLogs
eth_blockNumber
eth_blockNumber
eth_getLogs
eth_blockNumber
eth_blockNumber
eth_getLogs
eth_blockNumber
eth_getLogs
eth_blockNumber
eth_blockNumber
eth_getLogs
eth_blockNumber
eth_blockNumber
eth_getLogs
eth_blockNumber
eth_getLogs
eth_blockNumber
eth_blockNumber
eth_getLogs
eth_blockNumber
eth_blockNumber
eth_getLogs
eth_blockNumber
eth_getLogs
eth_blockNumber
eth_blockNumber
eth_getLogs
eth_blockNumber
eth_blockNumber
eth_getLogs
eth_blockNumber
eth_getLogs
eth_blockNumber
eth_blockNumber
eth_getLogs
eth_blockNumber
eth_blockNumber
eth_getLogs
eth_blockNumber
eth_getLogs
eth_blockNumber
eth_blockNumber
eth_getLogs
eth_blockNumber
eth_blockNumber
eth_getLogs
eth_blockNumber
eth_getLogs
eth_blockNumber
eth_blockNumber
eth_getLogs
eth_blockNumber
eth_blockNumber
eth_getLogs
eth_blockNumber
eth_blockNumber
eth_getLogs
eth_blockNumber
eth_getLogs
eth_blockNumber
eth_blockNumber
eth_getLogs
eth_blockNumber
eth_blockNumber
eth_getLogs
eth_blockNumber
eth_getLogs
eth_blockNumber
eth_blockNumber
eth_getLogs
eth_blockNumber
eth_blockNumber
eth_getLogs
eth_blockNumber
eth_getLogs
eth_blockNumber
eth_blockNumber
eth_getLogs
eth_blockNumber
eth_blockNumber
eth_getLogs
eth_blockNumber
eth_getLogs
eth_blockNumber
eth_blockNumber
eth_getLogs
eth_blockNumber
eth_blockNumber
eth_getLogs
eth_blockNumber
eth_getLogs
eth_blockNumber
eth_blockNumber
eth_getLogs
eth_blockNumber
eth_blockNumber
eth_getLogs
eth_blockNumber
eth_getLogs
eth_blockNumber
eth_blockNumber
eth_getLogs
eth_blockNumber
eth_blockNumber
eth_getLogs
eth_blockNumber
eth_getLogs
eth_blockNumber
eth_blockNumber
eth_getLogs
eth_blockNumber
eth_blockNumber
eth_getLogs
eth_blockNumber
eth_blockNumber
eth_getLogs
eth_blockNumber
eth_getLogs
eth_blockNumber
eth_blockNumber
eth_getLogs
eth_blockNumber
eth_blockNumber
eth_getLogs
eth_blockNumber
eth_getLogs
eth_blockNumber
eth_blockNumber
eth_getLogs
eth_blockNumber
eth_blockNumber
eth_getLogs
eth_blockNumber
eth_getLogs
eth_blockNumber
eth_blockNumber
eth_getLogs
eth_blockNumber
eth_blockNumber
eth_getLogs
eth_blockNumber
eth_getLogs
eth_blockNumber
eth_blockNumber
eth_getLogs
eth_blockNumber
eth_blockNumber
eth_getLogs
eth_blockNumber
eth_getLogs
eth_blockNumber
eth_blockNumber
eth_getLogs
eth_blockNumber
eth_blockNumber
eth_getLogs
eth_blockNumber
eth_blockNumber
eth_getLogs
eth_blockNumber
eth_getLogs
eth_blockNumber
eth_blockNumber
eth_getLogs
eth_blockNumber
eth_blockNumber
eth_getLogs
eth_blockNumber
eth_getLogs
eth_blockNumber
eth_blockNumber
eth_getLogs
eth_blockNumber
eth_blockNumber
eth_getLogs
eth_blockNumber
eth_getLogs
eth_blockNumber
eth_blockNumber
eth_getLogs
eth_blockNumber
eth_blockNumber
eth_getLogs
eth_blockNumber
eth_getLogs
eth_blockNumber
eth_blockNumber
eth_getLogs
eth_blockNumber
eth_blockNumber
eth_getLogs
eth_blockNumber
eth_getLogs
eth_blockNumber
eth_blockNumber
eth_getLogs
eth_blockNumber
eth_blockNumber
eth_getLogs
eth_blockNumber
eth_getLogs
eth_blockNumber
eth_blockNumber
eth_getLogs
eth_blockNumber
eth_blockNumber
eth_getLogs
eth_blockNumber
eth_getLogs
eth_blockNumber
eth_blockNumber
eth_getLogs
eth_blockNumber
eth_blockNumber
eth_getLogs
eth_blockNumber
eth_blockNumber
eth_getLogs
eth_blockNumber
eth_getLogs
eth_blockNumber
eth_blockNumber
eth_getLogs
eth_blockNumber
eth_blockNumber
eth_getLogs
eth_blockNumber
eth_getLogs
eth_blockNumber
eth_blockNumber
eth_getLogs
eth_blockNumber
eth_blockNumber
eth_getLogs
eth_blockNumber
eth_getLogs
eth_blockNumber
eth_blockNumber
eth_getLogs
eth_blockNumber
eth_blockNumber
eth_getLogs
eth_blockNumber
eth_getLogs
eth_blockNumber
eth_blockNumber
eth_getLogs
eth_blockNumber
eth_blockNumber
eth_getLogs
eth_blockNumber
eth_getLogs
eth_blockNumber
eth_blockNumber
eth_getLogs
eth_blockNumber
eth_blockNumber
eth_getLogs
eth_blockNumber
eth_getLogs
eth_blockNumber
eth_blockNumber
eth_getLogs
eth_blockNumber
eth_blockNumber
eth_getLogs
eth_blockNumber
eth_blockNumber
eth_getLogs
eth_blockNumber
eth_getLogs
eth_blockNumber
eth_blockNumber
eth_getLogs
eth_blockNumber
eth_blockNumber
eth_getLogs
eth_blockNumber
eth_getLogs
eth_blockNumber
eth_blockNumber
eth_getLogs
eth_blockNumber
eth_blockNumber
eth_getLogs
eth_blockNumber
eth_getLogs
eth_blockNumber
eth_blockNumber
eth_getLogs
eth_blockNumber
eth_blockNumber
eth_getLogs
eth_blockNumber
eth_getLogs
eth_blockNumber
eth_blockNumber
eth_getLogs
eth_blockNumber
eth_blockNumber
eth_getLogs
eth_blockNumber
eth_getLogs
eth_blockNumber
eth_blockNumber
eth_getLogs
eth_blockNumber
eth_blockNumber
eth_getLogs
eth_blockNumber
eth_getLogs
eth_blockNumber
eth_blockNumber
eth_getLogs
eth_blockNumber
eth_blockNumber
eth_getLogs
eth_blockNumber
eth_getLogs
eth_blockNumber
eth_blockNumber
eth_getLogs
eth_blockNumber
eth_blockNumber
eth_getLogs
eth_blockNumber
eth_blockNumber
eth_getLogs
eth_blockNumber
eth_getLogs
eth_blockNumber
eth_blockNumber
eth_getLogs
eth_blockNumber
eth_blockNumber
eth_getLogs
eth_blockNumber
eth_getLogs
eth_blockNumber
eth_blockNumber
eth_getLogs
eth_blockNumber
eth_blockNumber
eth_getLogs
eth_blockNumber
eth_getLogs
eth_blockNumber
eth_blockNumber
eth_getLogs
eth_blockNumber
eth_blockNumber
eth_getLogs
eth_blockNumber
eth_getLogs
eth_blockNumber
eth_blockNumber
eth_getLogs
eth_blockNumber
eth_blockNumber
eth_getLogs
eth_blockNumber
eth_getLogs
eth_blockNumber
eth_blockNumber
eth_getLogs
eth_blockNumber
eth_blockNumber
eth_getLogs
eth_blockNumber
eth_getLogs
eth_blockNumber
eth_blockNumber
eth_getLogs
eth_blockNumber
eth_blockNumber
eth_getLogs
eth_blockNumber
eth_blockNumber
eth_getLogs
eth_blockNumber
eth_getLogs
eth_blockNumber
eth_blockNumber
eth_getLogs
eth_blockNumber
eth_blockNumber
eth_getLogs
eth_blockNumber
eth_getLogs
eth_blockNumber
eth_blockNumber
eth_getLogs
eth_blockNumber
eth_blockNumber
eth_getLogs
eth_blockNumber
eth_getLogs
eth_blockNumber
eth_blockNumber
eth_getLogs
eth_blockNumber
eth_blockNumber
eth_getLogs
eth_blockNumber
eth_getLogs
eth_blockNumber
eth_blockNumber
eth_getLogs
eth_blockNumber
eth_blockNumber
eth_getLogs
eth_blockNumber
eth_getLogs
eth_blockNumber
eth_blockNumber
eth_getLogs
eth_blockNumber
eth_blockNumber
eth_getLogs
eth_blockNumber
eth_getLogs
eth_blockNumber
eth_blockNumber
eth_getLogs
eth_blockNumber
eth_blockNumber
eth_getLogs
eth_blockNumber
eth_getLogs
eth_blockNumber
eth_blockNumber
eth_getLogs
eth_blockNumber
eth_blockNumber
eth_getLogs
eth_blockNumber
eth_blockNumber
eth_getLogs
eth_blockNumber
eth_getLogs
eth_blockNumber
eth_blockNumber
eth_getLogs
eth_blockNumber
eth_blockNumber
eth_getLogs
eth_blockNumber
eth_getLogs
eth_blockNumber
eth_blockNumber
eth_getLogs
eth_blockNumber
eth_blockNumber
eth_getLogs
eth_blockNumber
eth_getLogs
eth_blockNumber
eth_blockNumber
eth_getLogs
eth_blockNumber
eth_blockNumber
eth_getLogs
eth_blockNumber
eth_getLogs
eth_blockNumber
eth_blockNumber
eth_getLogs
eth_blockNumber
eth_blockNumber
eth_getLogs
eth_blockNumber
eth_getLogs
eth_blockNumber
eth_blockNumber
eth_getLogs
eth_getTransactionCount
eth_getCode
eth_gasPrice
eth_chainId
eth_getBlockByNumber
eth_getBlockByNumber
eth_chainId
eth_gasPrice
eth_getAccountInfo
eth_getTransactionCount
eth_getBalance
eth_getCode
eth_blockNumber
eth_getStorageAt
eth_getCode
eth_getTransactionCount
eth_getBalance
eth_getStorageAt
eth_getStorageAt
eth_getStorageAt
eth_getStorageAt
eth_getStorageAt
eth_getBalance
eth_getTransactionCount
eth_getCode
eth_getCode
eth_getTransactionCount
eth_getBalance
eth_getTransactionCount
eth_getBalance
eth_getCode
eth_getStorageAt
eth_getStorageAt
eth_getStorageAt
eth_getStorageAt
eth_getStorageAt
eth_getStorageAt
eth_getStorageAt
eth_getStorageAt
eth_getStorageAt
eth_getStorageAt
eth_getStorageAt
eth_getStorageAt
eth_getStorageAt
eth_getStorageAt
eth_getStorageAt
eth_getStorageAt
eth_getStorageAt
eth_getStorageAt
eth_getStorageAt
eth_getStorageAt
eth_getStorageAt
eth_getStorageAt
eth_getStorageAt
eth_getStorageAt
eth_getStorageAt
eth_getStorageAt
eth_getStorageAt
eth_getStorageAt
eth_chainId
eth_blockNumber
eth_getLogs
eth_blockNumber
eth_getLogs
eth_blockNumber
eth_chainId
eth_chainId
eth_getBlockByNumber
eth_gasPrice
eth_chainId
eth_feeHistory
eth_feeHistory
eth_sendRawTransaction
eth_sendRawTransaction

    Transaction: 0xab093634fb4cb7f276d4b54adb688921022ef1af2f65d3cfe4eb18320c5cf8c1
    Contract created: 0xe5079266f1eFe32c4BCf36D60F08b240f1B347de
    Gas used: 1001645

    Block Number: 24363342
    Block Hash: 0x0e80720f6f4492b032b571074a01d57aa50093f1b0f59eaeb510bc60b5f3e849
    Block Time: "Sun, 1 Feb 2026 19:04:49 +0000"


    Transaction: 0x91dff62d77dc1d5574ff2988bde35e11b72246adf6606d312c1fdbc3582aa558
    Gas used: 2516154

    Block Number: 24363343
    Block Hash: 0xcf1962782ce4d7000307b82e9ea321a11a3a2eefd4237ef05a086cd8a530a541
    Block Time: "Sun, 1 Feb 2026 19:04:49 +0000"

eth_getTransactionReceipt
eth_getTransactionReceipt
eth_getTransactionReceipt
eth_getTransactionReceipt
anvil_mine

    Block Number: 24363344
    Block Hash: 0xbbcd31058d7b1655b69a15219e75f30b87d9fa5822576a22d67bb64e4299b912
    Block Time: "Sun, 1 Feb 2026 19:04:49 +0000"

evm_increaseTime
anvil_mine

    Block Number: 24363345
    Block Hash: 0x0b510885f58010dca35af8df5253bc1147971157c1b10d3ff467e880f6959c4d
    Block Time: "Sun, 1 Feb 2026 21:04:49 +0000"

eth_blockNumber
eth_getLogs
eth_blockNumber
eth_getLogs
eth_blockNumber
eth_getLogs
eth_chainId
eth_getTransactionCount
eth_call
anvil_impersonateAccount
eth_chainId
eth_getTransactionCount
eth_feeHistory
eth_estimateGas
eth_sendTransaction
eth_getTransactionReceipt

    Transaction: 0x3332ca5caba9194b1e3fb3b699b2b56ca6def240bee3b5cf8d60ec8322ac82eb
    Gas used: 55582

    Block Number: 24363346
    Block Hash: 0xd0abf238f732ef78152d9913f6cb09393f9cfcefe5e6e8a5edfbea5f98b2e04b
    Block Time: "Sun, 1 Feb 2026 21:04:54 +0000"

eth_getTransactionReceipt
eth_getTransactionReceipt
eth_chainId
eth_getTransactionCount
eth_feeHistory
eth_estimateGas
eth_sendTransaction
eth_getTransactionReceipt

    Transaction: 0xc65b72a147dd889b283e990ee3329ee66d93ef47caa2bfb76117bbe0330d9b19
    Gas used: 202319

    Block Number: 24363347
    Block Hash: 0x9453f851102838cd0e21bfe7c26d8ffe3a0fe9d42643964e761a7040f4b41e12
    Block Time: "Sun, 1 Feb 2026 21:04:55 +0000"

eth_getTransactionReceipt
eth_getTransactionReceipt
anvil_stopImpersonatingAccount
eth_chainId
eth_getTransactionCount
eth_call
eth_chainId
eth_getTransactionCount
eth_feeHistory
eth_estimateGas
eth_sendRawTransaction
eth_getTransactionReceipt

    Transaction: 0x319534432aa1067b4a6dd477bb67e10d2883a5c09ca600f2114162b914d8ab66
    Gas used: 51312

    Block Number: 24363348
    Block Hash: 0x03bb20e28dc887a547b5d6c1d2077e8328f6b03275c1b0677d1e148468526dc6
    Block Time: "Sun, 1 Feb 2026 21:04:55 +0000"

eth_getTransactionReceipt
eth_getTransactionReceipt
eth_chainId
eth_getTransactionCount
eth_feeHistory
eth_estimateGas
eth_sendRawTransaction
eth_getTransactionReceipt

    Transaction: 0xf3d4733a4b9e0d34468a10b8989d100f162345e74ad37ff8470def5b9b5b7736
    Gas used: 169430

    Block Number: 24363349
    Block Hash: 0x7532941298576ca8cbe35ddf908e89987455570b56ec7289e9d62dece89c3bf6
    Block Time: "Sun, 1 Feb 2026 21:04:55 +0000"

eth_getTransactionReceipt
eth_getTransactionReceipt
eth_chainId
eth_getTransactionCount
eth_call
evm_increaseTime
evm_mine

    Block Number: 24363350
    Block Hash: 0x3b319151a242f9f48b9408651c2264dc7fa9e38c2e9179d3588c46462288bc34
    Block Time: "Sun, 1 Feb 2026 23:04:55 +0000"

eth_chainId
eth_getTransactionCount
eth_feeHistory
eth_estimateGas
eth_blockNumber
eth_getLogs
eth_blockNumber
eth_getLogs
eth_sendRawTransaction
eth_getTransactionReceipt

    Transaction: 0x76a1cd05c5bed4034738a6e428fe6ad391d9952d6d8769d10860c816e7a40fb7
    Gas used: 343795

    Block Number: 24363351
    Block Hash: 0xe759d1060e0a8a036bf379fc03a705a5ac40176e90bea767bc963d435ea1bc5a
    Block Time: "Sun, 1 Feb 2026 23:04:55 +0000"

eth_getTransactionReceipt
eth_getTransactionReceipt
eth_chainId
eth_getTransactionCount
eth_feeHistory
eth_estimateGas
eth_sendRawTransaction
eth_getTransactionReceipt

    Transaction: 0x05c362f1d68c59117600032f8ddc7f35165ef9418ff3ff2144a0561c7350f84a
    Gas used: 46509

    Block Number: 24363352
    Block Hash: 0xb620f2c4e3846c13c36b3699e9840db73012a09a17ebe00aff361d11dc43e507
    Block Time: "Sun, 1 Feb 2026 23:04:55 +0000"

eth_getTransactionReceipt
eth_getTransactionReceipt
eth_chainId
eth_getTransactionCount
eth_call
eth_chainId
eth_getTransactionCount
eth_feeHistory
eth_estimateGas

RPC request failed:
    Request: EthEstimateGas(WithOtherFields { inner: TransactionRequest { from: Some(0xf39fd6e51aad88f6f4ce6ab8827279cfffb92266), to: Some(Call(0xa6253ae7612e57b289030675d1b71f79d3e8fd85)), gas_price: None, max_fee_per_gas: Some(203095020), max_priority_fee_per_gas: Some(1500), max_fee_per_blob_gas: None, gas: None, value: None, input: TransactionInput { input: Some(0x1b89f3d4eac2561ea79bbdcec1c14c93b849c1e171aee03751542b285a5a85a66a89a2860000000000000000000000000000000000000000000000000000000000000000000000000000000000000000000000000000000000000000000000746a528800), data: Some(0x1b89f3d4eac2561ea79bbdcec1c14c93b849c1e171aee03751542b285a5a85a66a89a2860000000000000000000000000000000000000000000000000000000000000000000000000000000000000000000000000000000000000000000000746a528800) }, nonce: Some(4724), chain_id: Some(1), access_list: None, transaction_type: None, blob_versioned_hashes: None, sidecar: None, authorization_list: None }, other: OtherFields {} }, Some(pending), None, None)
    Error: Execution error: execution reverted: custom error 0x261200f8: 000000000000000000000000a6253ae7612e57b289030675d1b71f79d3e8fd85

eth_blockNumber
eth_getLogs
eth_blockNumber
eth_getLogs
eth_blockNumber
eth_getLogs
eth_blockNumber
eth_blockNumber
eth_getLogs
eth_blockNumber
eth_getLogs
eth_blockNumber
eth_blockNumber
eth_getLogs
eth_blockNumber
eth_blockNumber
eth_getLogs
eth_blockNumber
eth_getLogs
eth_blockNumber
eth_blockNumber
eth_getLogs
eth_blockNumber
eth_blockNumber
eth_getLogs
eth_blockNumber
eth_getLogs
eth_blockNumber
eth_blockNumber
eth_getLogs
eth_blockNumber
eth_blockNumber
eth_getLogs
eth_blockNumber
eth_getLogs
eth_blockNumber
eth_blockNumber
eth_getLogs
eth_blockNumber
eth_blockNumber
eth_getLogs
eth_blockNumber
eth_getLogs
eth_blockNumber
eth_blockNumber
eth_getLogs
eth_blockNumber
eth_blockNumber
eth_getLogs
eth_blockNumber
eth_getLogs
eth_blockNumber
eth_blockNumber
eth_getLogs
eth_blockNumber
eth_blockNumber
eth_getLogs
eth_blockNumber
eth_blockNumber
eth_getLogs
eth_blockNumber
eth_getLogs
eth_blockNumber
eth_blockNumber
eth_getLogs
eth_blockNumber
eth_blockNumber
eth_getLogs
eth_blockNumber
eth_getLogs
eth_blockNumber
eth_blockNumber
eth_getLogs
eth_blockNumber
eth_blockNumber
eth_getLogs
eth_blockNumber
eth_getLogs
eth_blockNumber
eth_blockNumber
eth_getLogs
eth_blockNumber
eth_blockNumber
eth_getLogs
eth_getTransactionCount
eth_getCode
eth_getBlockByNumber
eth_gasPrice
eth_chainId
eth_getBlockByNumber
eth_chainId
eth_gasPrice
eth_getAccountInfo
eth_getTransactionCount
eth_getBalance
eth_getCode
eth_getAccountInfo
eth_getAccountInfo
eth_getAccountInfo
eth_getAccountInfo
eth_getAccountInfo
eth_getAccountInfo
eth_blockNumber
eth_getLogs
eth_getAccountInfo
eth_getStorageAt
eth_getAccountInfo
eth_getStorageAt
eth_getAccountInfo
eth_getStorageAt
eth_getStorageAt
eth_getStorageAt
eth_getStorageAt
eth_getAccountInfo
eth_getStorageAt
eth_getStorageAt
eth_getAccountInfo
eth_getStorageAt
eth_getAccountInfo
eth_getAccountInfo
eth_blockNumber
eth_getAccountInfo
eth_getAccountInfo
eth_getAccountInfo
eth_getStorageAt
eth_getAccountInfo
eth_getStorageAt
eth_getStorageAt
eth_getStorageAt
eth_getStorageAt
eth_getStorageAt
eth_getStorageAt
eth_getStorageAt
eth_getStorageAt
eth_getAccountInfo
eth_getStorageAt
eth_getAccountInfo
eth_getAccountInfo
eth_getStorageAt
eth_getStorageAt
eth_getStorageAt
eth_getStorageAt
eth_getStorageAt
eth_getStorageAt
eth_getAccountInfo
eth_getStorageAt
eth_getStorageAt
eth_getStorageAt
eth_getStorageAt
eth_getStorageAt
eth_getAccountInfo
eth_getStorageAt
eth_getStorageAt
eth_getStorageAt
eth_getStorageAt
eth_getStorageAt
eth_getStorageAt
eth_getStorageAt
eth_getStorageAt
eth_getStorageAt
eth_getStorageAt
eth_getStorageAt
eth_getStorageAt
eth_getStorageAt
eth_getStorageAt
eth_getStorageAt
eth_getStorageAt
eth_getStorageAt
eth_chainId
eth_chainId
eth_chainId
eth_gasPrice
eth_getBlockByNumber
eth_chainId
eth_feeHistory
eth_feeHistory
eth_sendRawTransaction

    Transaction: 0x416d9e90748e94c8feeefaa1402270ed649c39e3f7569e418f456d5a3583d0da
    Contract created: 0x8AbB0Fb72155756625412FD1E943720956e52adb
    Gas used: 1001645

    Block Number: 24363353
    Block Hash: 0x1f09629c6e43206b01f3b6efdb60869281d14389c26352c06356607a1ea2cf6d
    Block Time: "Sun, 1 Feb 2026 23:06:02 +0000"

eth_sendRawTransaction

    Transaction: 0x8720b6f91dc012a5f2190601ee6d1b856837b2f16940752b2b6052d13bf2f7fb
    Gas used: 2516232

    Block Number: 24363354
    Block Hash: 0x9bf15ff4e81ee2320ac7b21d7081b4c956c4e844977a6455629203fa644b6971
    Block Time: "Sun, 1 Feb 2026 23:06:02 +0000"

eth_getTransactionReceipt
eth_getTransactionReceipt
eth_getTransactionReceipt
eth_getTransactionReceipt
anvil_mine

    Block Number: 24363355
    Block Hash: 0xfe872916743bc5c667e419617b00d09a6bd6533b3486166b98ea62b08f7b2052
    Block Time: "Sun, 1 Feb 2026 23:06:02 +0000"

evm_increaseTime
anvil_mine

    Block Number: 24363356
    Block Hash: 0xf463c9f172f56981d41a8844761a7f8295042947024d93a70f8885e927c532c0
    Block Time: "Mon, 2 Feb 2026 01:06:02 +0000"

eth_blockNumber
eth_getLogs
eth_blockNumber
eth_getLogs
eth_blockNumber
eth_getLogs
eth_blockNumber
eth_getLogs
eth_blockNumber
eth_chainId
eth_getTransactionCount
eth_call
anvil_impersonateAccount
eth_chainId
eth_getTransactionCount
eth_feeHistory
eth_estimateGas
eth_sendTransaction

    Transaction: 0x85929ffe8503a83e49ff4d078ec6be2589c0a4fefd79143120bca67297f3b004
    Gas used: 55582

    Block Number: 24363357
    Block Hash: 0x36d15db8198cd91c1ebdfff3070494b6b00d884a1082383c9c0212656192a243
    Block Time: "Mon, 2 Feb 2026 01:06:09 +0000"

eth_getTransactionReceipt
eth_chainId
eth_getTransactionCount
eth_feeHistory
eth_estimateGas
eth_sendTransaction

    Transaction: 0xbdc9b8ca381c95069581e2d2a605229811530ab715570b648d2f3f89bd6297f8
    Gas used: 185219

    Block Number: 24363358
    Block Hash: 0xb9e7c9704afde49717db9f727687f8d12901563c366cd6e02b94196101c92768
    Block Time: "Mon, 2 Feb 2026 01:06:09 +0000"

eth_getTransactionReceipt
anvil_stopImpersonatingAccount
eth_chainId
eth_getTransactionCount
eth_call
eth_chainId
eth_getTransactionCount
eth_feeHistory
eth_estimateGas
eth_blockNumber
eth_getLogs
eth_sendRawTransaction
eth_getTransactionReceipt

    Transaction: 0xb2eb9a1ee09ce035708746951371e0809c4e22e048ecc35b0de02a9487bab9d9
    Gas used: 51312

    Block Number: 24363359
    Block Hash: 0xdf8fb92b252bd0c02dfc90620d43bd3b5464d8d9f3335f42836e01986a092a9f
    Block Time: "Mon, 2 Feb 2026 01:06:09 +0000"

eth_getTransactionReceipt
eth_getTransactionReceipt
eth_chainId
eth_getTransactionCount
eth_feeHistory
eth_estimateGas
eth_sendRawTransaction
eth_getTransactionReceipt

    Transaction: 0xd566d4e78645f0fca9060ea07a958a09013e1f34c9f94632eeff40aea10cd5ad
    Gas used: 169430

    Block Number: 24363360
    Block Hash: 0x6c3bcca2a33c973772bb482377b144d9f03cf600fc3b85f963b5f96b496d7167
    Block Time: "Mon, 2 Feb 2026 01:06:09 +0000"

eth_chainId
eth_getTransactionCount
eth_call
evm_increaseTime
evm_mine

    Block Number: 24363361
    Block Hash: 0xd3e03d699dec8188305c5f0ae86a023cb740539a2a7ddda998e990ba3059a2c9
    Block Time: "Mon, 2 Feb 2026 03:06:09 +0000"

eth_chainId
eth_getTransactionCount
eth_feeHistory
eth_estimateGas
eth_sendRawTransaction

    Transaction: 0xdfdb989ac3390144834b6f02169cbae52dc2f8f9024d83327a62c2e0b0fe3c12
    Gas used: 343795

    Block Number: 24363362
    Block Hash: 0xd753d25bc6f811de5dd7719b8969a1086af7e1d2f930f6413e6f50801c06b9a2
    Block Time: "Mon, 2 Feb 2026 03:06:09 +0000"

eth_getTransactionReceipt
eth_chainId
eth_getTransactionCount
eth_feeHistory
eth_estimateGas
eth_sendRawTransaction
eth_getTransactionReceipt

    Transaction: 0x409e47605996891d882554cf0a2c1d4411ccba83b077a3c41576cb4fc5ed4599
    Gas used: 46509

    Block Number: 24363363
    Block Hash: 0x1774831f4421594f5d13acaafa5234d2b8b96139772bb1e86245082f5b08edc9
    Block Time: "Mon, 2 Feb 2026 03:06:09 +0000"

eth_getTransactionReceipt
eth_getTransactionReceipt
eth_chainId
eth_getTransactionCount
eth_call
eth_chainId
eth_getTransactionCount
eth_feeHistory
eth_estimateGas
eth_sendRawTransaction
eth_getTransactionReceipt

    Transaction: 0xc12ebd02b5fa5cc7190ea83237296953635eb01605aae9e66ef7ceeb0aa02cf7
    Gas used: 322687

    Block Number: 24363364
    Block Hash: 0x83127062a8e99f1f6131d4b36ffbc37d2c78770e35236c9b50e15e7791cfdb3c
    Block Time: "Mon, 2 Feb 2026 03:06:09 +0000"

eth_getTransactionReceipt
eth_getTransactionReceipt
eth_chainId
eth_getTransactionCount
eth_call
eth_chainId
eth_getTransactionCount
eth_feeHistory
eth_estimateGas
eth_sendRawTransaction
eth_getTransactionReceipt

    Transaction: 0xa8bf6422a842124266fe28b940f6a9e4a9672a57b139d725c9b40a02de3ee8f9
    Gas used: 174128

    Block Number: 24363365
    Block Hash: 0x66edc4652dc5da0a14d790a9220d450612bfef6bb45a308644e7b887b1cb0862
    Block Time: "Mon, 2 Feb 2026 03:06:10 +0000"

eth_getTransactionReceipt
eth_getTransactionReceipt
eth_chainId
eth_getTransactionCount
eth_feeHistory
eth_estimateGas
eth_sendRawTransaction
eth_getTransactionReceipt

    Transaction: 0xb2ac174d015adc76c64e896df67d78c15872e8f8ac3c1bf6cf80d3cdb5697f4d
    Gas used: 174260

    Block Number: 24363366
    Block Hash: 0x74b76bee8634b814879404b9770ff9453cf68aea1b13531e90a70af8a518ff9b
    Block Time: "Mon, 2 Feb 2026 03:06:10 +0000"

eth_getTransactionReceipt
eth_getTransactionReceipt
eth_chainId
eth_getTransactionCount
eth_call
eth_chainId
eth_getTransactionCount
eth_call
eth_chainId
eth_getTransactionCount
eth_feeHistory
eth_estimateGas
eth_sendRawTransaction
eth_getTransactionReceipt

    Transaction: 0x8eb4838ebeeae1cc22cd967c0f8952750b8210e196b10924925eb2689e50b9a3
    Gas used: 46189

    Block Number: 24363367
    Block Hash: 0x4a2434552d230dd56d138f4d6c3645dfac5474aea53408d591fd5b21acfbccf5
    Block Time: "Mon, 2 Feb 2026 03:06:10 +0000"

eth_getTransactionReceipt
eth_getTransactionReceipt
eth_chainId
eth_getTransactionCount
eth_feeHistory
eth_estimateGas
eth_sendRawTransaction

    Transaction: 0x410c34de49f32f3b7bafd7f29aaaa794f715425497b2979abf1a65fe8ec194bd
    Gas used: 46211

    Block Number: 24363368
    Block Hash: 0xb115ab04df844c1afe26aa956cb18d2cff3a769aa925434cc69063fe948891da
    Block Time: "Mon, 2 Feb 2026 03:06:10 +0000"

eth_getTransactionReceipt
eth_chainId
eth_getTransactionCount
eth_feeHistory
eth_estimateGas
eth_sendRawTransaction
eth_getTransactionReceipt

    Transaction: 0xafd9a1588f5d706344dddd3e4ead4014d19cf00fcb94334e72a8eb6612e1672e
    Gas used: 47806

    Block Number: 24363369
    Block Hash: 0xacf810849228eaa432f5eebd2fee949dfa2b8a70a467af9d900c949b72b17a10
    Block Time: "Mon, 2 Feb 2026 03:06:10 +0000"

eth_blockNumber
eth_getLogs
eth_getTransactionReceipt
eth_getTransactionReceipt
eth_chainId
eth_getTransactionCount
eth_feeHistory
eth_estimateGas
eth_sendRawTransaction
eth_getTransactionReceipt

    Transaction: 0xaa712610f0bee018ea912d7ed0be540843d58107fbb3ad5e264a3b49023ed171
    Gas used: 47818

    Block Number: 24363370
    Block Hash: 0x30125a493cd4b2aced1ff3adee2e55e930278df4cbcf17a7c8fc29ffee0a8e62
    Block Time: "Mon, 2 Feb 2026 03:06:10 +0000"

eth_getTransactionReceipt
eth_getTransactionReceipt
eth_getTransactionCount
eth_getCode
eth_getBlockByNumber
eth_gasPrice
eth_chainId
eth_getBlockByNumber
eth_gasPrice
eth_chainId
eth_getAccountInfo
eth_getTransactionCount
eth_getBalance
eth_getCode
eth_getAccountInfo
eth_getAccountInfo
eth_getAccountInfo
eth_getAccountInfo
eth_getAccountInfo
eth_getStorageAt
eth_getAccountInfo
eth_getAccountInfo
eth_getStorageAt
eth_getStorageAt
eth_getStorageAt
eth_getStorageAt
eth_getStorageAt
eth_getStorageAt
eth_getStorageAt
eth_getAccountInfo
eth_getStorageAt
eth_getStorageAt
eth_getStorageAt
eth_getStorageAt
eth_getStorageAt
eth_getStorageAt
eth_getStorageAt
eth_getStorageAt
eth_getStorageAt
eth_getStorageAt
eth_getStorageAt
eth_getStorageAt
eth_blockNumber
eth_getLogs
eth_getStorageAt
eth_getStorageAt
eth_getStorageAt
eth_getStorageAt
eth_getStorageAt
eth_getStorageAt
eth_getStorageAt
eth_getStorageAt
eth_getStorageAt
eth_getAccountInfo
eth_getStorageAt
eth_getAccountInfo
eth_getStorageAt
eth_getStorageAt
eth_getStorageAt
eth_getAccountInfo
eth_getStorageAt
eth_getStorageAt
eth_getStorageAt
eth_getStorageAt
eth_chainId
eth_chainId
eth_chainId
eth_feeHistory
eth_feeHistory
eth_getTransactionCount
eth_estimateGas
eth_sendRawTransaction
eth_getTransactionReceipt

    Transaction: 0x00949dd02f73a1d8125c8e2a9b991955d4a300c1b20555f06eb07c15c22e5583
    Gas used: 471722

    Block Number: 24363371
    Block Hash: 0x9e1359937d765e2890413c8299e433f41635e49199395dbe06d429a5598b8b55
    Block Time: "Mon, 2 Feb 2026 03:06:12 +0000"

eth_blockNumber
eth_getBlockByNumber
eth_getTransactionReceipt
eth_getBlockByNumber
eth_blockNumber
eth_getLogs
eth_blockNumber
eth_getLogs
eth_blockNumber
eth_getLogs
eth_blockNumber
eth_blockNumber
eth_getLogs
eth_blockNumber
eth_blockNumber
eth_getLogs
eth_blockNumber
eth_getLogs
eth_blockNumber
eth_blockNumber
eth_getLogs
eth_blockNumber
eth_blockNumber
eth_getLogs
eth_blockNumber
eth_getLogs
anvil_setBalance
anvil_impersonateAccount
eth_chainId
eth_getTransactionCount
eth_feeHistory
eth_sendTransaction
eth_getTransactionReceipt
eth_getTransactionReceipt

    Transaction: 0xd36ede4827b9cfe3a041ccc5178924ffde87808939a21432cc3bb3767628ef2c
    Gas used: 62248

    Block Number: 24363372
    Block Hash: 0xde8d158dc28ea5dbf2ad93382240102b2b222fc07cc6697385da5e2a020f04b9
    Block Time: "Mon, 2 Feb 2026 03:06:28 +0000"

eth_blockNumber
eth_getBlockByNumber
eth_getTransactionReceipt
eth_getBlockByNumber
anvil_stopImpersonatingAccount
eth_chainId
eth_getTransactionCount
eth_call
eth_chainId
eth_getTransactionCount
eth_feeHistory
eth_sendRawTransaction
eth_getTransactionReceipt

    Transaction: 0x0f21e8ff379a911584366f17ede9e6adbc7e207667f1a25a81759a6d20867a41
    Gas used: 55558

    Block Number: 24363373
    Block Hash: 0x301511d87ff27612220e53035e583c345301026211d9c9753b0c62d9e5861376
    Block Time: "Mon, 2 Feb 2026 03:06:28 +0000"

eth_getTransactionReceipt
eth_getTransactionReceipt
eth_chainId
eth_getTransactionCount
eth_feeHistory
eth_sendRawTransaction
eth_getTransactionReceipt
eth_getTransactionReceipt
eth_blockNumber
eth_getTransactionReceipt
eth_getBlockByNumber
eth_getBlockByNumber
eth_blockNumber
eth_getLogs

    Transaction: 0x2ef65738d5527021ee7b12745ba32500b42389c2e16e18a3b52a0d6a4f6be9b8
    Gas used: 197495

    Block Number: 24363374
    Block Hash: 0x0600c4221d001bd562c4b78921c0ca0a920f9ecc599e92bfc49e42aec5c550cd
    Block Time: "Mon, 2 Feb 2026 03:06:28 +0000"

eth_getTransactionReceipt
eth_blockNumber
eth_getBlockByNumber
eth_chainId
eth_getTransactionCount
eth_call
eth_chainId
eth_getTransactionCount
eth_feeHistory
eth_sendRawTransaction
eth_getTransactionReceipt

    Transaction: 0xee2b5e4396fe5bde8a68ea1bb5eea6df305aeee951ed852f832f4d041c582c2e
    Gas used: 51288

    Block Number: 24363375
    Block Hash: 0x7b4a3d8ae4889904145bdde7442d234dc7b520d6bc149d92a5fd8e925a869707
    Block Time: "Mon, 2 Feb 2026 03:06:28 +0000"

eth_getTransactionReceipt
eth_getTransactionReceipt
eth_chainId
eth_getTransactionCount
eth_feeHistory
eth_sendRawTransaction
eth_getTransactionReceipt

    Transaction: 0xd1cfddbb75b0b3de145003b3a45932a6b561fab3b9d2e24bd9473f7d4d13bc8b
    Gas used: 139627

    Block Number: 24363376
    Block Hash: 0x9560462eea994db1e6f96e083ab734d3162a14b4010d9527cb43aef89632e5b5
    Block Time: "Mon, 2 Feb 2026 03:06:28 +0000"

eth_getTransactionReceipt
eth_getTransactionReceipt
eth_chainId
eth_getTransactionCount
eth_call
eth_chainId
eth_getTransactionCount
eth_call
eth_getTransactionCount
eth_getCode
eth_chainId
eth_getBlockByNumber
eth_gasPrice
eth_gasPrice
eth_chainId
eth_getBlockByNumber
eth_getBalance
eth_getCode
eth_getTransactionCount
eth_getAccountInfo
eth_getBalance
eth_getTransactionCount
eth_getCode
eth_getCode
eth_getBalance
eth_getTransactionCount
eth_getCode
eth_getBalance
eth_getTransactionCount
eth_getBalance
eth_getCode
eth_getTransactionCount
eth_getCode
eth_getTransactionCount
eth_getBalance
eth_getStorageAt
eth_getTransactionCount
eth_getCode
eth_getBalance
eth_getStorageAt
eth_getTransactionCount
eth_getCode
eth_getBalance
eth_getStorageAt
eth_getBalance
eth_getTransactionCount
eth_getCode
eth_getCode
eth_getBalance
eth_getTransactionCount
eth_getStorageAt
eth_getStorageAt
eth_getCode
eth_getBalance
eth_getTransactionCount
eth_getStorageAt
eth_getStorageAt
eth_getStorageAt
eth_getStorageAt
eth_getStorageAt
eth_getStorageAt
eth_getStorageAt
eth_getStorageAt
eth_getStorageAt
eth_getStorageAt
eth_getStorageAt
eth_getStorageAt
eth_chainId
eth_blockNumber
eth_getLogs
eth_chainId
eth_blockNumber
eth_getLogs
eth_blockNumber
eth_getLogs
eth_blockNumber
eth_getLogs
eth_blockNumber
eth_blockNumber
eth_getLogs
eth_blockNumber
eth_blockNumber
eth_getLogs
eth_blockNumber
eth_getLogs
eth_blockNumber
eth_chainId
eth_getTransactionCount
eth_call
eth_chainId
eth_getTransactionCount
eth_call
eth_blockNumber
eth_getLogs
eth_blockNumber
eth_blockNumber
eth_getLogs
eth_blockNumber
eth_getLogs
eth_blockNumber
eth_blockNumber
eth_getLogs
eth_blockNumber
eth_blockNumber
eth_getLogs
eth_chainId
eth_getTransactionCount
eth_call
anvil_setBalance
anvil_impersonateAccount
eth_chainId
eth_getTransactionCount
eth_feeHistory
eth_estimateGas
eth_sendTransaction
eth_getTransactionReceipt

    Transaction: 0x9c4cb517924cadaaea7baed3a09a8687eeca0e04fbcd668749a3c0f489a84251
    Gas used: 62236

    Block Number: 24363377
    Block Hash: 0x093216fa61f4225098bbfed97c25de2fdfd3f78e8661c4baf6402588399c7a43
    Block Time: "Mon, 2 Feb 2026 03:06:51 +0000"

anvil_stopImpersonatingAccount
eth_chainId
eth_getTransactionCount
eth_feeHistory
eth_estimateGas
eth_sendRawTransaction
eth_getTransactionReceipt

    Transaction: 0xf8d9bdedc789f528c96652622f03e908bfb4815d0fd4cbb6abfaf2cf020670a2
    Gas used: 55558

    Block Number: 24363378
    Block Hash: 0x0ebc37d9239833d2dad82a86ec18ddb80245b0b43dc0b8d36d05185caeacd09d
    Block Time: "Mon, 2 Feb 2026 03:06:51 +0000"

eth_getTransactionReceipt
eth_getTransactionReceipt
eth_chainId
eth_getTransactionCount
eth_feeHistory
eth_estimateGas
eth_sendRawTransaction
eth_getTransactionReceipt

    Transaction: 0x778e3b86f3139af65855d9462ebac8b0e27e86bf12bf1d44d6261efdf9f29025
    Gas used: 197483

    Block Number: 24363379
    Block Hash: 0x8bcbf3b9f2b5949cd9da19c751d953d9f4969ac5cfe843e8dde5439f2b13a68e
    Block Time: "Mon, 2 Feb 2026 03:06:51 +0000"

eth_getTransactionReceipt
eth_getTransactionReceipt
eth_chainId
eth_getTransactionCount
eth_call
eth_chainId
eth_getTransactionCount
eth_feeHistory
eth_estimateGas
eth_sendRawTransaction
eth_getTransactionReceipt

    Transaction: 0xb0a08ce423e09ee14da93fc7cd183d2e5f142b11346dd44cb29be398988e560f
    Gas used: 51288

    Block Number: 24363380
    Block Hash: 0x667875872f6721d614613e2825f36d6dd6cca1a091934d757e17da21c80b372e
    Block Time: "Mon, 2 Feb 2026 03:06:51 +0000"

eth_getTransactionReceipt
eth_getTransactionReceipt
eth_chainId
eth_getTransactionCount
eth_feeHistory
eth_estimateGas
eth_sendRawTransaction
eth_getTransactionReceipt

    Transaction: 0x91795955ae74ffe3e332f81f34b015d101b17c130da021568c89c581f0d1f3d1
    Gas used: 139627

    Block Number: 24363381
    Block Hash: 0xc74e9e49c7a8d3681a1a0c3d0711163d3740b09ad234cec255ae59b3f6f4fe36
    Block Time: "Mon, 2 Feb 2026 03:06:51 +0000"

eth_getTransactionReceipt
eth_getTransactionReceipt
eth_chainId
eth_getTransactionCount
eth_call
eth_chainId
eth_getTransactionCount
eth_call
eth_getTransactionCount
eth_getCode
eth_getBlockByNumber
eth_chainId
eth_gasPrice
eth_chainId
eth_getBlockByNumber
eth_gasPrice
eth_getBalance
eth_getTransactionCount
eth_getCode
eth_getAccountInfo
eth_getTransactionCount
eth_getCode
eth_getBalance
eth_getBalance
eth_getTransactionCount
eth_getCode
eth_getCode
eth_getTransactionCount
eth_getBalance
eth_getBalance
eth_getCode
eth_getTransactionCount
eth_getTransactionCount
eth_getCode
eth_getBalance
eth_getStorageAt
eth_chainId
eth_blockNumber
eth_getLogs
eth_blockNumber
eth_getLogs
eth_blockNumber
eth_getLogs
eth_blockNumber
eth_blockNumber
eth_getLogs
eth_blockNumber
eth_blockNumber
eth_getLogs
eth_blockNumber
eth_getLogs
eth_blockNumber
eth_blockNumber
eth_getLogs
eth_blockNumber
eth_blockNumber
eth_getLogs
eth_blockNumber
eth_getLogs
eth_blockNumber
eth_blockNumber
eth_getLogs
eth_blockNumber
eth_blockNumber
eth_getLogs
eth_chainId
eth_getTransactionCount
eth_call
eth_chainId
eth_getTransactionCount
eth_call
eth_getTransactionCount
eth_getCode
eth_gasPrice
eth_chainId
eth_getBlockByNumber
eth_getBlockByNumber
eth_gasPrice
eth_chainId
eth_getTransactionCount
eth_getCode
eth_getBalance
eth_getAccountInfo
eth_getStorageAt
eth_getBalance
eth_getCode
eth_getTransactionCount
eth_getStorageAt
eth_chainId
eth_chainId
eth_blockNumber
eth_getLogs
eth_blockNumber
eth_blockNumber
eth_getLogs
eth_blockNumber
eth_blockNumber
eth_getLogs
eth_blockNumber
eth_getLogs
eth_blockNumber
eth_blockNumber
eth_getLogs
eth_blockNumber
eth_blockNumber
eth_getLogs
eth_blockNumber
eth_blockNumber
eth_getLogs
eth_blockNumber
eth_getLogs
eth_blockNumber
eth_blockNumber
eth_getLogs
eth_blockNumber
eth_blockNumber
eth_getLogs
eth_blockNumber
eth_getLogs
eth_blockNumber
eth_blockNumber
eth_getLogs
eth_blockNumber
eth_blockNumber
eth_getLogs
eth_blockNumber
eth_getLogs
eth_getTransactionCount
eth_getCode
eth_getBlockByNumber
eth_chainId
eth_gasPrice
eth_chainId
eth_gasPrice
eth_getBlockByNumber
eth_chainId
eth_blockNumber
eth_blockNumber
eth_getLogs
eth_blockNumber
eth_blockNumber
eth_getLogs
eth_blockNumber
eth_getLogs
eth_blockNumber
eth_blockNumber
eth_getLogs
eth_blockNumber
eth_blockNumber
eth_getLogs
eth_blockNumber
eth_getLogs
eth_blockNumber
eth_blockNumber
eth_getLogs
eth_blockNumber
eth_blockNumber
eth_getLogs
eth_blockNumber
eth_getLogs
eth_blockNumber
eth_blockNumber
eth_getLogs
eth_blockNumber
eth_blockNumber
eth_getLogs
eth_blockNumber
eth_getLogs
eth_blockNumber
eth_blockNumber
eth_getLogs
eth_blockNumber
eth_blockNumber
eth_getLogs
eth_blockNumber
eth_blockNumber
eth_getLogs
eth_chainId
eth_getTransactionCount
eth_call
eth_blockNumber
eth_getLogs
eth_blockNumber
eth_blockNumber
eth_getLogs
eth_blockNumber
eth_blockNumber
eth_getLogs
eth_blockNumber
eth_getLogs
eth_blockNumber
eth_blockNumber
eth_getLogs
eth_blockNumber
eth_blockNumber
eth_getLogs
eth_blockNumber
eth_getLogs
eth_blockNumber
eth_blockNumber
eth_getLogs
eth_blockNumber
eth_blockNumber
eth_getLogs
eth_blockNumber
eth_getLogs
eth_blockNumber
eth_blockNumber
eth_getLogs
eth_blockNumber
eth_blockNumber
eth_getLogs
eth_blockNumber
eth_blockNumber
eth_getLogs
eth_blockNumber
eth_getLogs
eth_blockNumber
eth_blockNumber
eth_getLogs
eth_blockNumber
eth_blockNumber
eth_getLogs
eth_blockNumber
eth_getLogs
eth_blockNumber
eth_blockNumber
eth_getLogs
eth_blockNumber
eth_blockNumber
eth_getLogs
eth_blockNumber
eth_getLogs
eth_blockNumber
eth_blockNumber
eth_getLogs
eth_blockNumber
eth_blockNumber
eth_getLogs
eth_blockNumber
eth_getLogs
eth_blockNumber
eth_chainId
eth_getTransactionCount
eth_call
eth_chainId
eth_getTransactionCount
eth_call
eth_getTransactionCount
eth_blockNumber
eth_getLogs
eth_getCode
eth_gasPrice
eth_getBlockByNumber
eth_chainId
eth_getBlockByNumber
eth_gasPrice
eth_chainId
eth_getStorageAt
eth_getCode
eth_getBalance
eth_getTransactionCount
eth_getAccountInfo
eth_getStorageAt
eth_getStorageAt
eth_getStorageAt
eth_getStorageAt
eth_getStorageAt
eth_getStorageAt
eth_getStorageAt
eth_getStorageAt
eth_getStorageAt
eth_chainId
eth_blockNumber
eth_chainId
eth_gasPrice
eth_chainId
eth_getBlockByNumber
eth_chainId
eth_feeHistory
eth_feeHistory
eth_sendRawTransaction
eth_sendRawTransaction

    Transaction: 0x8a7d4fff54e28c38fb2482dc640da1d8061f8a31c3a0f59a3bbbee7b7cfc84ee
    Gas used: 45911

    Block Number: 24363382
    Block Hash: 0x43555ffa212f6e946cdd692014d45c79054fe8f5e72382c888cf26f1ec511289
    Block Time: "Mon, 2 Feb 2026 03:09:01 +0000"


    Transaction: 0x2278bf8af2968bd4543c08ed4247216b30bbb22200f7ad71b812fea135e3dd5e
    Gas used: 153391

    Block Number: 24363383
    Block Hash: 0x186fc1c3417025214bba47fef261bca338040169472a48f301c366a20014f88a
    Block Time: "Mon, 2 Feb 2026 03:09:01 +0000"

eth_getTransactionReceipt
eth_getTransactionReceipt
eth_getTransactionReceipt
eth_getTransactionReceipt
eth_blockNumber
eth_getLogs
eth_blockNumber
eth_getLogs
eth_blockNumber
eth_getLogs
eth_blockNumber
eth_getLogs
eth_blockNumber
eth_blockNumber
eth_getLogs
eth_blockNumber
eth_getLogs
eth_blockNumber
eth_blockNumber
eth_getLogs
eth_blockNumber
eth_blockNumber
eth_getLogs
eth_blockNumber
eth_blockNumber
eth_getLogs
eth_blockNumber
eth_getLogs
eth_blockNumber
eth_blockNumber
eth_getLogs
eth_blockNumber
eth_blockNumber
eth_getLogs
eth_blockNumber
eth_getLogs
eth_blockNumber
eth_blockNumber
eth_getLogs
eth_blockNumber
eth_blockNumber
eth_getLogs
eth_blockNumber
eth_getLogs
eth_blockNumber
eth_blockNumber
eth_getLogs
eth_blockNumber
eth_blockNumber
eth_getLogs
eth_blockNumber
eth_getLogs
eth_blockNumber
eth_blockNumber
eth_getLogs
eth_blockNumber
eth_blockNumber
eth_getLogs
eth_blockNumber
eth_getLogs
eth_blockNumber
eth_blockNumber
eth_getLogs
eth_blockNumber
eth_blockNumber
eth_getLogs
eth_blockNumber
eth_getLogs
eth_blockNumber
eth_blockNumber
eth_getLogs
eth_blockNumber
eth_blockNumber
eth_getLogs
eth_blockNumber
eth_blockNumber
eth_getLogs
eth_blockNumber
eth_getLogs
eth_blockNumber
eth_blockNumber
eth_getLogs
eth_blockNumber
eth_blockNumber
eth_getLogs
eth_blockNumber
eth_getLogs
eth_blockNumber
eth_blockNumber
eth_getLogs
eth_blockNumber
eth_blockNumber
eth_getLogs
eth_blockNumber
eth_getLogs
eth_blockNumber
eth_blockNumber
eth_getLogs
eth_blockNumber
eth_blockNumber
eth_getLogs
eth_blockNumber
eth_getLogs
eth_blockNumber
eth_blockNumber
eth_getLogs
eth_blockNumber
eth_blockNumber
eth_getLogs
eth_blockNumber
eth_getLogs
eth_blockNumber
eth_blockNumber
eth_getLogs
eth_blockNumber
eth_blockNumber
eth_getLogs
eth_blockNumber
eth_getLogs
eth_blockNumber
eth_blockNumber
eth_getLogs
eth_blockNumber
eth_blockNumber
eth_getLogs
eth_blockNumber
eth_blockNumber
eth_getLogs
eth_blockNumber
eth_getLogs
eth_blockNumber
eth_blockNumber
eth_getLogs
eth_blockNumber
eth_blockNumber
eth_getLogs
eth_blockNumber
eth_getLogs
eth_blockNumber
eth_blockNumber
eth_getLogs
eth_blockNumber
eth_blockNumber
eth_getLogs
eth_blockNumber
eth_getLogs
eth_blockNumber
eth_blockNumber
eth_getLogs
eth_blockNumber
eth_blockNumber
eth_getLogs
anvil_setBalance
anvil_impersonateAccount
eth_chainId
eth_getTransactionCount
eth_feeHistory
eth_sendTransaction

    Transaction: 0x17f9fdec69dac0adad84a6f8e7d7a1f97f2e6099177608a091c02941d7880539
    Gas used: 62248

    Block Number: 24363384
    Block Hash: 0x8afebd59c217508bba9bcb5bd0faafaf9c9e1cbf989ffbe5623665896b500114
eth_getTransactionReceipt
    Block Time: "Mon, 2 Feb 2026 03:10:54 +0000"

anvil_stopImpersonatingAccount
eth_chainId
eth_getTransactionCount
eth_call
eth_chainId
eth_getTransactionCount
eth_feeHistory
eth_sendRawTransaction

    Transaction: 0xc55bf97ea1c3bbc0f3afc1d2fce3cd39c3b9c5562f0a1f4fe073c329d0be5d42
    Gas used: 55558

    Block Number: 24363385
    Block Hash: 0xe95ced69f19aa8e7c9aeb335bc790438200726474767cd9d71318babe12ec23d
    Block Time: "Mon, 2 Feb 2026 03:10:54 +0000"

eth_getTransactionReceipt
eth_chainId
eth_getTransactionCount
eth_feeHistory
eth_sendRawTransaction

    Transaction: 0x18a5583679ce760c1492f835f789645c32bef787842def7a9f2af7caa1b9700d
    Gas used: 180395

    Block Number: 24363386
    Block Hash: 0xc2191d939e60400d9062b9c17ce57130267459be858b955c025fbcc54e6b949f
    Block Time: "Mon, 2 Feb 2026 03:10:54 +0000"

eth_getTransactionReceipt
eth_chainId
eth_getTransactionCount
eth_call
eth_chainId
eth_getTransactionCount
eth_feeHistory
eth_sendRawTransaction

    Transaction: 0x1e611187dd7839ddbef6fb446a020173111117084ef98b3695ffb2b5d8929a4c
    Gas used: 51288

    Block Number: 24363387
    Block Hash: 0x6cf9d4cdabf8698df807650fe1f2e07704e0ec4fec514542f5d540d549ee612a
    Block Time: "Mon, 2 Feb 2026 03:10:54 +0000"

eth_getTransactionReceipt
eth_chainId
eth_getTransactionCount
eth_feeHistory
eth_sendRawTransaction

    Transaction: 0x26836ce205deac1bd0a7431d61eae0aab2b85143785d397842d4600e93adf6cf
    Gas used: 122527

    Block Number: 24363388
    Block Hash: 0xcc5881a5024125798392b4401482cf5f95befc7ec3acd71ace3acf926412f9a7
    Block Time: "Mon, 2 Feb 2026 03:10:54 +0000"

eth_getTransactionReceipt
eth_chainId
eth_getTransactionCount
eth_call
eth_chainId
eth_getTransactionCount
eth_call
eth_getTransactionCount
eth_getCode
eth_gasPrice
eth_getBlockByNumber
eth_chainId
eth_gasPrice
eth_chainId
eth_getBlockByNumber
eth_getBalance
eth_getCode
eth_getTransactionCount
eth_getAccountInfo
eth_getBalance
eth_getTransactionCount
eth_getCode
eth_getTransactionCount
eth_getCode
eth_getBalance
eth_getTransactionCount
eth_getBalance
eth_getCode
eth_getTransactionCount
eth_getCode
eth_getBalance
eth_getCode
eth_getTransactionCount
eth_getBalance
eth_getStorageAt
eth_getTransactionCount
eth_getBalance
eth_getCode
eth_getStorageAt
eth_getTransactionCount
eth_getBalance
eth_getCode
eth_getStorageAt
eth_getCode
eth_getBalance
eth_getTransactionCount
eth_getBalance
eth_getCode
eth_getTransactionCount
eth_getStorageAt
eth_getStorageAt
eth_getBalance
eth_getTransactionCount
eth_getCode
eth_getStorageAt
eth_getStorageAt
eth_getStorageAt
eth_getStorageAt
eth_getStorageAt
eth_getStorageAt
eth_getStorageAt
eth_getStorageAt
eth_getStorageAt
eth_getStorageAt
eth_getStorageAt
eth_chainId
eth_chainId
eth_blockNumber
eth_getLogs
eth_blockNumber
eth_getLogs
eth_blockNumber
eth_getLogs
eth_blockNumber
eth_blockNumber
eth_getLogs
eth_blockNumber
eth_getLogs
eth_blockNumber
eth_blockNumber
eth_getLogs
eth_blockNumber
eth_blockNumber
eth_getLogs
eth_blockNumber
eth_getLogs
eth_blockNumber
eth_blockNumber
eth_getLogs
eth_getTransactionCount
eth_blockNumber
eth_blockNumber
eth_getLogs
eth_blockNumber
eth_blockNumber
eth_getLogs
eth_blockNumber
eth_getLogs
eth_blockNumber
eth_blockNumber
eth_getLogs
eth_blockNumber
eth_blockNumber
eth_getLogs
eth_blockNumber
eth_getLogs
eth_blockNumber
eth_blockNumber
eth_getLogs
eth_blockNumber
eth_blockNumber
eth_getLogs
eth_getTransactionCount
eth_getCode
eth_gasPrice
eth_getBlockByNumber
eth_chainId
eth_chainId
eth_getBlockByNumber
eth_gasPrice
eth_getStorageAt
eth_chainId
eth_chainId
eth_gasPrice
eth_chainId
eth_getBlockByNumber
eth_chainId
eth_feeHistory
eth_feeHistory
eth_sendRawTransaction
eth_sendRawTransaction
eth_sendRawTransaction

    Transaction: 0x7e036497103f5f9d9f7370d154b18b5f2f89f2645921a48d8afcd6d0dc2ff7cd
eth_sendRawTransaction
    Contract created: 0xFCc825D3437Dcb2a2eAC9870B33d48db447aA4C9
    Gas used: 604314

    Block Number: 24363389
    Block Hash: 0xf8aa708137d7a5ec7b11240e53798a0ede68ea4abdfa2b15e2811aba499213df
    Block Time: "Mon, 2 Feb 2026 03:11:28 +0000"


    Transaction: 0xbcb2bb58e882863f3e0742400cda5a71fc8de6abbb31c25c7450e86607ed8afe
    Gas used: 46271

    Transaction: 0xde631d8b97dc56736ff42e212fcbb3bebc9ce612dab7cabf9725cd4e9ce23c3d
    Gas used: 92482

    Block Number: 24363390
    Block Hash: 0xe7186224c0189b220bb0d2d9780601af01472ab718e90714abfe3fa85dacb9ea
    Block Time: "Mon, 2 Feb 2026 03:11:28 +0000"


    Block Number: 24363391
    Block Hash: 0x978417bb646917528c34ea3339353e924fbaee5a394d6268490b7e1ce7669dcb
    Block Time: "Mon, 2 Feb 2026 03:11:28 +0000"

eth_getTransactionReceipt
eth_getTransactionReceipt
eth_getTransactionReceipt
eth_getTransactionReceipt

    Transaction: 0xdf6fa57d3bcd4c7989150e084efa20cc9fea49be39d8e4bfe02241bd610ddfca
    Gas used: 172060

    Block Number: 24363392
    Block Hash: 0x533be471a151213bf3a1e42209911df20d7aaec7fd5eb134d793436c1330b748
    Block Time: "Mon, 2 Feb 2026 03:11:28 +0000"

eth_getTransactionReceipt
eth_getTransactionReceipt
eth_getTransactionReceipt
eth_blockNumber
eth_getLogs
eth_blockNumber
eth_getBlockByNumber
eth_getBlockByNumber
eth_getTransactionReceipt
eth_blockNumber
eth_getLogs
eth_blockNumber
eth_getLogs
eth_blockNumber
eth_blockNumber
eth_getLogs
eth_blockNumber
eth_getLogs
eth_blockNumber
eth_blockNumber
eth_getLogs
eth_blockNumber
eth_blockNumber
eth_getLogs
eth_blockNumber
eth_getLogs
eth_blockNumber
eth_blockNumber
eth_getLogs
eth_blockNumber
eth_blockNumber
eth_getLogs
eth_blockNumber
eth_getLogs
eth_blockNumber
eth_blockNumber
eth_getLogs
eth_blockNumber
eth_blockNumber
eth_getLogs
eth_blockNumber
eth_blockNumber
eth_getLogs
eth_blockNumber
eth_getLogs
eth_blockNumber
eth_blockNumber
eth_getLogs
eth_blockNumber
eth_blockNumber
eth_getLogs
eth_blockNumber
eth_getLogs
eth_blockNumber
eth_blockNumber
eth_getLogs
eth_blockNumber
eth_blockNumber
eth_getLogs
eth_blockNumber
eth_getLogs
eth_blockNumber
eth_blockNumber
eth_getLogs
eth_blockNumber
eth_blockNumber
eth_getLogs
eth_blockNumber
eth_getLogs
eth_blockNumber
eth_blockNumber
eth_getLogs
eth_blockNumber
eth_blockNumber
eth_getLogs
eth_blockNumber
eth_getLogs
eth_blockNumber
eth_blockNumber
eth_getLogs
eth_blockNumber
eth_blockNumber
eth_getLogs
eth_blockNumber
eth_getLogs
eth_blockNumber
eth_blockNumber
eth_getLogs
eth_blockNumber
eth_blockNumber
eth_getLogs
eth_blockNumber
eth_getLogs
eth_blockNumber
eth_blockNumber
eth_getLogs
eth_blockNumber
eth_blockNumber
eth_getLogs
eth_blockNumber
eth_blockNumber
eth_getLogs
eth_blockNumber
eth_getLogs
eth_blockNumber
eth_blockNumber
eth_getLogs
eth_blockNumber
eth_blockNumber
eth_getLogs
eth_blockNumber
eth_getLogs
eth_blockNumber
eth_blockNumber
eth_getLogs
eth_blockNumber
eth_blockNumber
eth_getLogs
eth_blockNumber
eth_getLogs
eth_blockNumber
eth_blockNumber
eth_getLogs
eth_blockNumber
eth_blockNumber
eth_getLogs
eth_blockNumber
eth_getLogs
eth_blockNumber
eth_blockNumber
eth_getLogs
eth_blockNumber
eth_blockNumber
eth_getLogs
eth_blockNumber
eth_getLogs
eth_blockNumber
eth_blockNumber
eth_getLogs
eth_blockNumber
eth_blockNumber
eth_getLogs
eth_blockNumber
eth_getLogs
eth_blockNumber
eth_blockNumber
eth_getLogs
eth_blockNumber
eth_blockNumber
eth_getLogs
eth_blockNumber
eth_getLogs
eth_blockNumber
eth_blockNumber
eth_getLogs
eth_blockNumber
eth_blockNumber
eth_getLogs
eth_blockNumber
eth_blockNumber
eth_getLogs
eth_blockNumber
eth_getLogs
eth_blockNumber
eth_blockNumber
eth_getLogs
eth_blockNumber
eth_blockNumber
eth_getLogs
